2024-04-13 18:10:49,995 - INFO - Navigating to the login page...
2024-04-13 18:10:50,640 - INFO - Page loaded, attempting to fill username...
2024-04-13 18:10:50,895 - INFO - Username entered, waiting for password filed...
2024-04-13 18:11:07,920 - INFO - Password field available, entering password...
2024-04-13 18:11:08,005 - INFO - Password submitted, waiting for 2FA prompt...
2024-04-13 18:11:38,326 - ERROR - 2FA input field not found or Next button not clickable.
2024-04-13 18:11:41,140 - INFO - Navigated to https://search.google.com/u/2/search-console/index?resource_id=sc-domain:turnkeyofficespace.com
2024-04-13 18:12:00,037 - INFO - Navigating to the login page...
2024-04-13 18:12:00,332 - INFO - Page loaded, attempting to fill username...
2024-04-13 18:12:01,405 - INFO - Username entered, waiting for password filed...
2024-04-13 18:12:18,426 - INFO - Password field available, entering password...
2024-04-13 18:12:18,503 - INFO - Password submitted, waiting for 2FA prompt...
2024-04-13 18:12:48,549 - ERROR - 2FA input field not found or Next button not clickable.
2024-04-13 18:12:51,016 - INFO - Navigated to https://search.google.com/u/2/search-console/index?resource_id=sc-domain:turnkeyofficespace.com
2024-04-13 18:12:51,495 - INFO - Navigatied to console and page in loaded.
2024-04-13 18:12:52,323 - INFO - Navigated to https://search.google.com/u/2/search-console/index?resource_id=sc-domain:turnkeyofficespace.com
2024-04-13 18:12:52,330 - INFO - Navigatied to console and page in loaded.
2024-04-13 18:12:52,361 - INFO - Indexed data found: {'Last Updated': '4/8/24', 'Indexed Count': '1,837'}
2024-04-13 18:12:52,361 - INFO - Found data: {'Last Updated': '4/8/24', 'Indexed Count': '1,837'}
2024-04-13 18:12:52,361 - INFO - Indexed Pages Data parsed: {'Last Updated': '4/8/24', 'Indexed Count': 1837}
2024-04-13 18:12:52,362 - INFO - No existing workbook found. Created new workbook and 'Indexed Data' sheet with headers.
2024-04-13 18:12:52,364 - INFO - Indexed data updated successfully in '/Users/jonathanbachrach/Projects/SEOReportGenerator/Indexed_Pages.xlsx'.
2024-04-13 18:12:52,372 - INFO - Navigating to https://search.google.com/u/2/search-console/index/drilldown?resource_id=sc-domain%3Aturnkeyofficespace.com&item_key=CAMYDSAC to retrieve 404 URLs...
2024-04-13 18:12:53,130 - INFO - EXPORT button clicked.
2024-04-13 18:12:53,690 - INFO - Download Excel button clicked.
2024-04-13 18:12:53,690 - INFO - Waiting for download to start for files starting with turnkeyofficespace.com-Coverage-Drilldown...
2024-04-13 18:13:03,696 - INFO - Download complete for file: turnkeyofficespace.com-Coverage-Drilldown-2024-04-13 (9).xlsx
2024-04-13 18:13:03,711 - INFO - Extracted 404 URLs from the downloaded file: /Users/jonathanbachrach/Downloads/turnkeyofficespace.com-Coverage-Drilldown-2024-04-13 (9).xlsx
2024-04-13 18:13:03,712 - INFO - Removed downloaded file: /Users/jonathanbachrach/Downloads/turnkeyofficespace.com-Coverage-Drilldown-2024-04-13 (9).xlsx
2024-04-13 18:13:03,712 - INFO - Valid 404 URLs parsed: 65
2024-04-13 18:13:03,714 - INFO - Workbook loaded for 404 URLs at '/Users/jonathanbachrach/Projects/SEOReportGenerator/Monthly_SEO_Metrics.xlsx'.
2024-04-13 18:13:03,715 - INFO - Created new '404s' sheet and added headers.
2024-04-13 18:13:03,721 - INFO - 404 URLs successfully written to the workbook.
2024-04-13 18:13:05,564 - INFO - Navigating to the performance page...
2024-04-13 18:13:05,568 - INFO - Attempting to find and click the EXPORT button...
2024-04-13 18:13:05,609 - INFO - EXPORT button clicked.
2024-04-13 18:13:05,609 - INFO - Attempting to find and click 'Download Excel'...
2024-04-13 18:13:06,168 - INFO - Download Excel clicked.
2024-04-13 18:13:06,169 - INFO - Waiting for download to start for files starting with turnkeyofficespace.com-Performance-on-Search...
2024-04-13 18:13:16,175 - INFO - Download complete for file: turnkeyofficespace.com-Performance-on-Search-2024-04-13 (1).xlsx
2024-04-13 18:13:16,175 - INFO - File downloaded: /Users/jonathanbachrach/Downloads/turnkeyofficespace.com-Performance-on-Search-2024-04-13 (1).xlsx
2024-04-13 18:13:18,407 - INFO - Navigating to performance analytics page.
2024-04-13 18:13:18,413 - INFO - Page loaded successfully.
2024-04-13 18:13:18,421 - INFO - Total clicks as of 04/13/24: 1492
2024-04-13 18:13:18,421 - INFO - Parsed Total Clicks Data: {'Last Updated': '04/13/24', 'Total Clicks': 1492}
2024-04-13 18:13:18,422 - INFO - Created new workbook and 'Total Clicks' sheet with headers at '/Users/jonathanbachrach/Projects/SEOReportGenerator/Total_Clicks.xlsx'.
2024-04-13 18:13:18,424 - INFO - Total clicks data updated successfully.
2024-04-13 19:16:31,041 - INFO - Navigating to the login page...
2024-04-13 19:16:32,021 - INFO - Page loaded, attempting to fill username...
2024-04-13 19:16:32,193 - INFO - Username entered, waiting for password filed...
2024-04-13 19:16:49,219 - INFO - Password field available, entering password...
2024-04-13 19:16:49,296 - INFO - Password submitted, waiting for 2FA prompt...
2024-04-13 19:17:19,333 - ERROR - 2FA input field not found or Next button not clickable.
2024-04-13 19:17:22,121 - INFO - Navigated to https://search.google.com/u/2/search-console/index?resource_id=sc-domain:turnkeyofficespace.com
2024-04-13 19:17:22,129 - INFO - Navigatied to console and page in loaded.
2024-04-13 19:17:22,735 - INFO - Navigated to https://search.google.com/u/2/search-console/index?resource_id=sc-domain:turnkeyofficespace.com
2024-04-13 19:17:22,738 - INFO - Navigatied to console and page in loaded.
2024-04-13 19:17:22,768 - INFO - Indexed data found: {'Last Updated': '4/8/24', 'Indexed Count': '1,837'}
2024-04-13 19:17:22,768 - INFO - Found data: {'Last Updated': '4/8/24', 'Indexed Count': '1,837'}
2024-04-13 19:17:22,769 - INFO - Indexed Pages Data parsed: {'Last Updated': '4/8/24', 'Indexed Count': 1837}
2024-04-13 19:17:22,772 - INFO - Found existing 'Indexed Data' sheet.
2024-04-13 19:17:22,774 - INFO - Indexed data updated successfully in '/Users/jonathanbachrach/Projects/SEOReportGenerator/Indexed_Pages.xlsx'.
2024-04-13 19:17:22,781 - INFO - Navigating to https://search.google.com/u/2/search-console/index/drilldown?resource_id=sc-domain%3Aturnkeyofficespace.com&item_key=CAMYDSAC to retrieve 404 URLs...
2024-04-13 19:17:23,454 - INFO - EXPORT button clicked.
2024-04-13 19:17:23,539 - INFO - Download Excel button clicked.
2024-04-13 19:17:23,539 - INFO - Waiting for download to start for files starting with turnkeyofficespace.com-Coverage-Drilldown...
2024-04-13 19:17:33,546 - INFO - Download complete for file: turnkeyofficespace.com-Coverage-Drilldown-2024-04-12 (25).xlsx
2024-04-13 19:17:33,563 - INFO - Extracted 404 URLs from the downloaded file: /Users/jonathanbachrach/Downloads/turnkeyofficespace.com-Coverage-Drilldown-2024-04-12 (25).xlsx
2024-04-13 19:17:33,564 - INFO - Removed downloaded file: /Users/jonathanbachrach/Downloads/turnkeyofficespace.com-Coverage-Drilldown-2024-04-12 (25).xlsx
2024-04-13 19:17:33,564 - INFO - Valid 404 URLs parsed: 65
2024-04-13 19:17:33,569 - INFO - Workbook loaded for 404 URLs at '/Users/jonathanbachrach/Projects/SEOReportGenerator/Monthly_SEO_Metrics.xlsx'.
2024-04-13 19:17:33,569 - INFO - Created new '404s' sheet and added headers.
2024-04-13 19:17:33,576 - INFO - 404 URLs successfully written to the workbook.
2024-04-13 19:17:34,672 - INFO - Navigating to the performance page...
2024-04-13 19:17:35,223 - INFO - Attempting to find and click the EXPORT button...
2024-04-13 19:17:35,258 - INFO - EXPORT button clicked.
2024-04-13 19:17:35,258 - INFO - Attempting to find and click 'Download Excel'...
2024-04-13 19:17:35,801 - INFO - Download Excel clicked.
2024-04-13 19:17:35,801 - INFO - Waiting for download to start for files starting with turnkeyofficespace.com-Performance-on-Search...
2024-04-13 19:17:45,807 - INFO - Download complete for file: turnkeyofficespace.com-Performance-on-Search-2024-04-13.xlsx
2024-04-13 19:17:45,807 - INFO - File downloaded: /Users/jonathanbachrach/Downloads/turnkeyofficespace.com-Performance-on-Search-2024-04-13.xlsx
2024-04-13 19:17:45,807 - INFO - Attempting to load workbook from /Users/jonathanbachrach/Downloads/turnkeyofficespace.com-Performance-on-Search-2024-04-13.xlsx.
2024-04-13 19:17:45,904 - INFO - Writing data to 'Queries Last 3 Months' sheet.
2024-04-13 19:17:45,904 - INFO - Loading or creating workbook 'Monthly_SEO_Metrics.xlsx'.
2024-04-13 19:17:45,907 - INFO - Created new sheet 'Queries Last 3 Months' and set headers.
2024-04-13 19:17:45,912 - INFO - Appended 1000 rows to 'Queries Last 3 Months'.
2024-04-13 19:17:45,930 - INFO - Data written to sheet Queries Last 3 Months in Monthly_SEO_Metrics.xlsx
2024-04-13 19:17:45,930 - INFO - Writing data to 'Top Pages Last 3 Months' sheet.
2024-04-13 19:17:45,930 - INFO - Loading or creating workbook 'Monthly_SEO_Metrics.xlsx'.
2024-04-13 19:17:45,955 - INFO - Created new sheet 'Top Pages Last 3 Months' and set headers.
2024-04-13 19:17:45,961 - INFO - Appended 1000 rows to 'Top Pages Last 3 Months'.
2024-04-13 19:17:46,001 - INFO - Data written to sheet Top Pages Last 3 Months in Monthly_SEO_Metrics.xlsx
2024-04-13 19:17:46,002 - INFO - Downloaded file removed and performance data successfully written.
2024-04-13 19:17:47,340 - INFO - Navigating to performance analytics page.
2024-04-13 19:17:47,345 - INFO - Page loaded successfully.
2024-04-13 19:17:47,353 - INFO - Total clicks as of 04/13/24: 1492
2024-04-13 19:17:47,353 - INFO - Parsed Total Clicks Data: {'Last Updated': '04/13/24', 'Total Clicks': 1492}
2024-04-13 19:17:47,358 - INFO - Total clicks data updated successfully.
2024-04-13 19:36:11,499 - INFO - Navigating to the login page...
2024-04-13 19:36:12,146 - INFO - Page loaded, attempting to fill username...
2024-04-13 19:36:12,364 - INFO - Username entered, waiting for password filed...
2024-04-13 19:36:29,391 - INFO - Password field available, entering password...
2024-04-13 19:36:29,477 - INFO - Password submitted, waiting for 2FA prompt...
2024-04-13 19:36:59,877 - ERROR - 2FA input field not found or Next button not clickable.
2024-04-13 19:37:02,713 - INFO - Navigated to https://search.google.com/u/2/search-console/index?resource_id=sc-domain:turnkeyofficespace.com
2024-04-13 19:37:02,721 - INFO - Navigatied to console and page in loaded.
2024-04-13 19:37:03,316 - INFO - Navigated to https://search.google.com/u/2/search-console/index?resource_id=sc-domain:turnkeyofficespace.com
2024-04-13 19:37:03,320 - INFO - Navigatied to console and page in loaded.
2024-04-13 19:37:03,353 - INFO - Indexed data found: {'Last Updated': '4/8/24', 'Indexed Count': '1,837'}
2024-04-13 19:37:03,353 - INFO - Found data: {'Last Updated': '4/8/24', 'Indexed Count': '1,837'}
2024-04-13 19:37:03,353 - INFO - Indexed Pages Data parsed: {'Last Updated': '4/8/24', 'Indexed Count': 1837}
2024-04-13 19:37:03,357 - INFO - Found existing 'Indexed Data' sheet.
2024-04-13 19:37:03,359 - INFO - Indexed data updated successfully in '/Users/jonathanbachrach/Projects/SEOReportGenerator/Indexed_Pages.xlsx'.
2024-04-13 19:37:03,359 - INFO - Loading source workbook from /Users/jonathanbachrach/Projects/SEOReportGenerator/Indexed_Pages.xlsx
2024-04-13 19:37:03,361 - INFO - Loading destination workbook from /Users/jonathanbachrach/Projects/SEOReportGenerator/Monthly_SEO_Metrics.xlsx
2024-04-13 19:37:03,362 - INFO - Created new sheet 'Indexed Pages' and added headers.
2024-04-13 19:37:03,362 - INFO - Copied 0 rows from 'Indexed Data' to 'Indexed Pages'.
2024-04-13 19:37:03,365 - INFO - Data successfully saved to 'Indexed Pages' in 'Monthly_SEO_Metrics.xlsx'.
2024-04-13 19:37:03,365 - INFO - Navigating to https://search.google.com/u/2/search-console/index/drilldown?resource_id=sc-domain%3Aturnkeyofficespace.com&item_key=CAMYDSAC to retrieve 404 URLs...
2024-04-13 19:37:04,154 - INFO - EXPORT button clicked.
2024-04-13 19:37:04,706 - INFO - Download Excel button clicked.
2024-04-13 19:37:04,706 - INFO - Waiting for download to start for files starting with turnkeyofficespace.com-Coverage-Drilldown...
2024-04-13 19:37:14,712 - INFO - Download complete for file: turnkeyofficespace.com-Coverage-Drilldown-2024-04-13 (9).xlsx
2024-04-13 19:37:14,727 - INFO - Extracted 404 URLs from the downloaded file: /Users/jonathanbachrach/Downloads/turnkeyofficespace.com-Coverage-Drilldown-2024-04-13 (9).xlsx
2024-04-13 19:37:14,728 - INFO - Removed downloaded file: /Users/jonathanbachrach/Downloads/turnkeyofficespace.com-Coverage-Drilldown-2024-04-13 (9).xlsx
2024-04-13 19:37:14,728 - INFO - Valid 404 URLs parsed: 65
2024-04-13 19:37:14,732 - INFO - Workbook loaded for 404 URLs at '/Users/jonathanbachrach/Projects/SEOReportGenerator/Monthly_SEO_Metrics.xlsx'.
2024-04-13 19:37:14,733 - INFO - Created new '404s' sheet and added headers.
2024-04-13 19:37:14,739 - INFO - 404 URLs successfully written to the workbook.
2024-04-13 19:37:16,350 - INFO - Navigating to the performance page...
2024-04-13 19:37:16,355 - INFO - Attempting to find and click the EXPORT button...
2024-04-13 19:37:16,391 - INFO - EXPORT button clicked.
2024-04-13 19:37:16,391 - INFO - Attempting to find and click 'Download Excel'...
2024-04-13 19:37:16,959 - INFO - Download Excel clicked.
2024-04-13 19:37:16,959 - INFO - Waiting for download to start for files starting with turnkeyofficespace.com-Performance-on-Search...
2024-04-13 19:37:26,965 - INFO - Download complete for file: turnkeyofficespace.com-Performance-on-Search-2024-04-13.xlsx
2024-04-13 19:37:26,965 - INFO - File downloaded: /Users/jonathanbachrach/Downloads/turnkeyofficespace.com-Performance-on-Search-2024-04-13.xlsx
2024-04-13 19:37:26,966 - INFO - Attempting to load workbook from /Users/jonathanbachrach/Downloads/turnkeyofficespace.com-Performance-on-Search-2024-04-13.xlsx.
2024-04-13 19:37:27,063 - INFO - Writing data to 'Queries Last 3 Months' sheet.
2024-04-13 19:37:27,064 - INFO - Loading or creating workbook 'Monthly_SEO_Metrics.xlsx'.
2024-04-13 19:37:27,066 - INFO - Created new sheet 'Queries Last 3 Months' and set headers.
2024-04-13 19:37:27,072 - INFO - Appended 1000 rows to 'Queries Last 3 Months'.
2024-04-13 19:37:27,090 - INFO - Data written to sheet Queries Last 3 Months in Monthly_SEO_Metrics.xlsx
2024-04-13 19:37:27,090 - INFO - Writing data to 'Top Pages Last 3 Months' sheet.
2024-04-13 19:37:27,090 - INFO - Loading or creating workbook 'Monthly_SEO_Metrics.xlsx'.
2024-04-13 19:37:27,115 - INFO - Created new sheet 'Top Pages Last 3 Months' and set headers.
2024-04-13 19:37:27,121 - INFO - Appended 1000 rows to 'Top Pages Last 3 Months'.
2024-04-13 19:37:27,161 - INFO - Data written to sheet Top Pages Last 3 Months in Monthly_SEO_Metrics.xlsx
2024-04-13 19:37:27,162 - INFO - Downloaded file removed and performance data successfully written.
2024-04-13 19:37:29,182 - INFO - Navigating to performance analytics page.
2024-04-13 19:37:29,186 - INFO - Page loaded successfully.
2024-04-13 19:37:29,193 - INFO - Total clicks as of 04/13/24: 1492
2024-04-13 19:37:29,193 - INFO - Parsed Total Clicks Data: {'Last Updated': '04/13/24', 'Total Clicks': 1492}
2024-04-13 19:37:29,197 - INFO - Total clicks data updated successfully.
2024-04-13 19:37:29,197 - INFO - Loading source workbook from /Users/jonathanbachrach/Projects/SEOReportGenerator/Total_Clicks.xlsx
2024-04-13 19:37:29,199 - INFO - Loading destination workbook from /Users/jonathanbachrach/Projects/SEOReportGenerator/Monthly_SEO_Metrics.xlsx
2024-04-13 19:37:29,250 - INFO - Created new sheet 'Total Clicks Last 3 Months' and added headers.
2024-04-13 19:37:29,251 - INFO - Copied 0 rows from 'Total Clicks' to 'Total Clicks Last 3 Months'.
2024-04-13 19:37:29,290 - INFO - Data successfully saved to 'Total Clicks Last 3 Months' in 'Monthly_SEO_Metrics.xlsx'.
